[2026-01-04T09:56:57.308Z] 📝 POST /api/booking/create requested
[2026-01-04T09:56:57.335Z] 💾 Creating booking instance...
[2026-01-04T09:56:57.340Z] 💾 Saving booking...
[2026-01-04T09:56:57.396Z] ✅ Booking saved successfully: 695a3969ecba06ff95a6c447
[2026-01-04T09:56:57.398Z] 🔌 Notifying driver via socket... 695a0e166fcc317d98129757
[2026-01-04T09:56:57.404Z] ✅ Socket notification sent
[2026-01-04T15:39:21.562Z] 📝 POST /api/booking/create requested
[2026-01-04T15:39:21.598Z] 💾 Creating booking instance...
[2026-01-04T15:39:21.603Z] 💾 Saving booking...
[2026-01-04T15:39:21.660Z] ✅ Booking saved successfully: 695a89a9bd516cfd6e8f6732
[2026-01-04T15:39:21.663Z] 🔌 Notifying driver via socket... 695a0e166fcc317d98129757
[2026-01-04T15:39:21.669Z] ✅ Socket notification sent
[2026-01-05T06:47:04.032Z] 📝 POST /api/booking/create requested
[2026-01-05T06:47:04.076Z] 💾 Creating booking instance...
[2026-01-05T06:47:04.084Z] 💾 Saving booking...
[2026-01-05T06:47:04.164Z] ✅ Booking saved successfully: 695b5e688a95451eb48e6094
[2026-01-05T06:47:04.165Z] 🔌 Notifying driver via socket... 695a0e166fcc317d98129757
[2026-01-05T06:47:04.172Z] ✅ Socket notification sent
[2026-01-05T07:05:55.756Z] 📝 POST /api/booking/create requested
[2026-01-05T07:05:55.817Z] 💾 Creating booking instance...
[2026-01-05T07:05:55.820Z] 💾 Saving booking...
[2026-01-05T07:05:55.874Z] ✅ Booking saved successfully: 695b62d38a95451eb48e615c
[2026-01-05T07:05:55.874Z] 🔌 Notifying driver via socket... 695a0e166fcc317d98129757
[2026-01-05T07:05:55.877Z] ✅ Socket notification sent
[2026-01-05T07:10:21.974Z] 📝 POST /api/booking/create requested
[2026-01-05T07:10:22.043Z] 💾 Creating booking instance...
[2026-01-05T07:10:22.046Z] 💾 Saving booking...
[2026-01-05T07:10:22.135Z] ✅ Booking saved successfully: 695b63de8a95451eb48e61c2
[2026-01-05T07:10:22.136Z] 🔌 Notifying driver via socket... 695a0e166fcc317d98129757
[2026-01-05T07:10:22.141Z] ✅ Socket notification sent
[2026-01-05T07:49:20.772Z] 📝 POST /api/booking/create requested
[2026-01-05T07:49:21.000Z] 💾 Creating booking instance...
[2026-01-05T07:49:21.004Z] 💾 Saving booking...
[2026-01-05T07:49:21.085Z] ✅ Booking saved successfully: 695b6d018a95451eb48e626d
[2026-01-05T07:49:21.087Z] 🔌 Notifying driver via socket... 695a0e166fcc317d98129757
[2026-01-05T07:49:21.091Z] ✅ Socket notification sent
[2026-01-05T07:52:53.393Z] 📝 POST /api/booking/create requested
[2026-01-05T07:52:53.434Z] 💾 Creating booking instance...
[2026-01-05T07:52:53.441Z] 💾 Saving booking...
[2026-01-05T07:52:53.475Z] ✅ Booking saved successfully: 695b6dd58a95451eb48e62f1
[2026-01-05T07:52:53.476Z] 🔌 Notifying driver via socket... 695a0e166fcc317d98129757
[2026-01-05T07:52:53.478Z] ✅ Socket notification sent
[2026-01-05T08:04:58.842Z] 📝 POST /api/booking/create requested
[2026-01-05T08:04:58.897Z] 💾 Creating booking instance...
[2026-01-05T08:04:58.940Z] 💾 Saving booking...
[2026-01-05T08:04:58.988Z] ✅ Booking saved successfully: 695b70aa8a95451eb48e639b
[2026-01-05T08:04:58.989Z] 🔌 Notifying driver via socket... 695a0e166fcc317d98129757
[2026-01-05T08:04:58.991Z] ✅ Socket notification sent
[2026-01-05T08:19:33.403Z] 📝 POST /api/booking/create requested
[2026-01-05T08:19:33.437Z] 💾 Creating booking instance...
[2026-01-05T08:19:33.441Z] 💾 Saving booking...
[2026-01-05T08:19:33.478Z] ✅ Booking saved successfully: 695b74158a95451eb48e6430
[2026-01-05T08:19:33.479Z] 🔌 Notifying driver via socket... 695a0e166fcc317d98129757
[2026-01-05T08:19:33.481Z] ✅ Socket notification sent
[2026-01-05T08:37:51.517Z] 📝 POST /api/booking/create requested
[2026-01-05T08:37:51.575Z] 💾 Creating booking instance...
[2026-01-05T08:37:51.580Z] 💾 Saving booking...
[2026-01-05T08:37:51.635Z] ✅ Booking saved successfully: 695b785f8a95451eb48e64c6
[2026-01-05T08:37:51.636Z] 🔌 Notifying driver via socket... 695a0e166fcc317d98129757
[2026-01-05T08:37:51.638Z] ✅ Socket notification sent
[2026-01-05T08:52:53.304Z] 📝 POST /api/booking/create requested
[2026-01-05T08:52:53.351Z] 💾 Creating booking instance...
[2026-01-05T08:52:53.355Z] 💾 Saving booking...
[2026-01-05T08:52:53.413Z] ✅ Booking saved successfully: 695b7be58a95451eb48e6585
[2026-01-05T08:52:53.413Z] 🔌 Notifying driver via socket... 695a0e166fcc317d98129757
[2026-01-05T08:52:53.416Z] ✅ Socket notification sent
[2026-01-06T06:29:52.466Z] 📝 POST /api/booking/create requested
[2026-01-06T06:29:52.506Z] 💾 Creating booking instance...
[2026-01-06T06:29:52.511Z] 💾 Saving booking...
[2026-01-06T06:29:52.585Z] ✅ Booking saved successfully: 695cabe0d1dc35704bd5323e
[2026-01-06T06:29:52.587Z] 🔌 Notifying driver via socket... 695a0e166fcc317d98129757
[2026-01-06T06:29:52.592Z] ✅ Socket notification sent
